<?xml version="1.0" encoding="UTF-8"?>
<!-- Generated by org.testng.reporters.JUnitXMLReporter -->
<testsuite hostname="DESKTOP-GQF8HD8" ignored="3" name="Default test" tests="1" failures="0" timestamp="20 Feb 2019 22:27:23 GMT" time="70.633" errors="0">
  <testcase name="call_Methods" time="70.564" classname="com.jQuery_Project_Automation.JQuery_Project"/>
  <testcase name="interactions" time="0.0" classname="com.jQuery_Project_Automation.JQuery_Project">
    <ignored/>
  </testcase> <!-- interactions -->
  <testcase name="widgets" time="0.0" classname="com.jQuery_Project_Automation.JQuery_Project">
    <ignored/>
  </testcase> <!-- widgets -->
  <testcase name="effect_sideMenu" time="0.0" classname="com.jQuery_Project_Automation.JQuery_Project">
    <ignored/>
  </testcase> <!-- effect_sideMenu -->
</testsuite> <!-- Default test -->
