<?xml version="1.0" encoding="UTF-8"?>
<testng-results ignored="0" total="1" passed="1" failed="0" skipped="0">
  <reporter-output>
  </reporter-output>
  <suite started-at="2019-02-12T18:21:41Z" name="Default suite" finished-at="2019-02-12T18:21:53Z" duration-ms="12150">
    <groups>
    </groups>
    <test started-at="2019-02-12T18:21:41Z" name="Default test" finished-at="2019-02-12T18:21:53Z" duration-ms="12150">
      <class name="com.OrangeHRM.ObjectMapProject.OrangeHRM_ObjectMapLogin">
        <test-method is-config="true" signature="beforeAllTestStart()[pri:0, instance:com.OrangeHRM.ObjectMapProject.OrangeHRM_ObjectMapLogin@343570b7]" started-at="2019-02-12T13:21:41Z" name="beforeAllTestStart" finished-at="2019-02-12T13:21:41Z" duration-ms="29" status="PASS">
          <reporter-output>
          </reporter-output>
        </test-method> <!-- beforeAllTestStart -->
        <test-method is-config="true" signature="beforeEachTestStart()[pri:0, instance:com.OrangeHRM.ObjectMapProject.OrangeHRM_ObjectMapLogin@343570b7]" started-at="2019-02-12T13:21:41Z" name="beforeEachTestStart" finished-at="2019-02-12T13:21:46Z" duration-ms="4523" status="PASS">
          <reporter-output>
          </reporter-output>
        </test-method> <!-- beforeEachTestStart -->
        <test-method signature="OrangeHRM_Login()[pri:0, instance:com.OrangeHRM.ObjectMapProject.OrangeHRM_ObjectMapLogin@343570b7]" started-at="2019-02-12T13:21:46Z" name="OrangeHRM_Login" finished-at="2019-02-12T13:21:50Z" duration-ms="4375" status="PASS">
          <reporter-output>
          </reporter-output>
        </test-method> <!-- OrangeHRM_Login -->
        <test-method is-config="true" signature="afterEachTestEnd(org.testng.ITestResult)[pri:0, instance:com.OrangeHRM.ObjectMapProject.OrangeHRM_ObjectMapLogin@343570b7]" started-at="2019-02-12T13:21:50Z" name="afterEachTestEnd" finished-at="2019-02-12T13:21:53Z" duration-ms="3195" status="PASS">
          <params>
            <param index="0">
              <value>
                <![CDATA[[TestResult name=OrangeHRM_Login status=SUCCESS method=OrangeHRM_ObjectMapLogin.OrangeHRM_Login()[pri:0, instance:com.OrangeHRM.ObjectMapProject.OrangeHRM_ObjectMapLogin@343570b7] output={null}]]]>
              </value>
            </param>
          </params>
          <reporter-output>
          </reporter-output>
        </test-method> <!-- afterEachTestEnd -->
        <test-method is-config="true" signature="afterAllTestCompleted()[pri:0, instance:com.OrangeHRM.ObjectMapProject.OrangeHRM_ObjectMapLogin@343570b7]" started-at="2019-02-12T13:21:53Z" name="afterAllTestCompleted" finished-at="2019-02-12T13:21:53Z" duration-ms="0" status="PASS">
          <reporter-output>
          </reporter-output>
        </test-method> <!-- afterAllTestCompleted -->
      </class> <!-- com.OrangeHRM.ObjectMapProject.OrangeHRM_ObjectMapLogin -->
    </test> <!-- Default test -->
  </suite> <!-- Default suite -->
</testng-results>
