<?xml version="1.0" encoding="UTF-8"?>
<testng-results ignored="0" total="1" passed="1" failed="0" skipped="0">
  <reporter-output>
  </reporter-output>
  <suite started-at="2019-02-17T22:09:49Z" name="Default suite" finished-at="2019-02-17T22:10:31Z" duration-ms="41594">
    <groups>
    </groups>
    <test started-at="2019-02-17T22:09:49Z" name="Default test" finished-at="2019-02-17T22:10:31Z" duration-ms="41594">
      <class name="com.OrangeHRM.ObjectMapProject.OrangeHRM_CallMethodPage">
        <test-method is-config="true" signature="beforeAllClassesStare()[pri:0, instance:com.OrangeHRM.ObjectMapProject.OrangeHRM_CallMethodPage@fd07cbb]" started-at="2019-02-17T17:09:49Z" name="beforeAllClassesStare" finished-at="2019-02-17T17:09:49Z" duration-ms="23" status="PASS">
          <reporter-output>
          </reporter-output>
        </test-method> <!-- beforeAllClassesStare -->
        <test-method is-config="true" signature="beforeEachTestStart()[pri:0, instance:com.OrangeHRM.ObjectMapProject.OrangeHRM_CallMethodPage@fd07cbb]" started-at="2019-02-17T17:09:49Z" name="beforeEachTestStart" finished-at="2019-02-17T17:09:54Z" duration-ms="4790" status="PASS">
          <reporter-output>
          </reporter-output>
        </test-method> <!-- beforeEachTestStart -->
        <test-method signature="callMethods()[pri:0, instance:com.OrangeHRM.ObjectMapProject.OrangeHRM_CallMethodPage@fd07cbb]" started-at="2019-02-17T17:09:54Z" name="callMethods" finished-at="2019-02-17T17:10:25Z" duration-ms="31654" status="PASS">
          <reporter-output>
          </reporter-output>
        </test-method> <!-- callMethods -->
        <test-method is-config="true" signature="afterEachTestEnd()[pri:0, instance:com.OrangeHRM.ObjectMapProject.OrangeHRM_CallMethodPage@fd07cbb]" started-at="2019-02-17T17:10:25Z" name="afterEachTestEnd" finished-at="2019-02-17T17:10:31Z" duration-ms="5102" status="PASS">
          <reporter-output>
          </reporter-output>
        </test-method> <!-- afterEachTestEnd -->
        <test-method is-config="true" signature="afterAllTestCompleted()[pri:0, instance:com.OrangeHRM.ObjectMapProject.OrangeHRM_CallMethodPage@fd07cbb]" started-at="2019-02-17T17:10:31Z" name="afterAllTestCompleted" finished-at="2019-02-17T17:10:31Z" duration-ms="0" status="PASS">
          <reporter-output>
          </reporter-output>
        </test-method> <!-- afterAllTestCompleted -->
      </class> <!-- com.OrangeHRM.ObjectMapProject.OrangeHRM_CallMethodPage -->
    </test> <!-- Default test -->
  </suite> <!-- Default suite -->
</testng-results>
