<?xml version="1.0" encoding="UTF-8"?>
<testng-results skipped="0" failed="0" ignored="3" total="4" passed="1">
  <reporter-output>
  </reporter-output>
  <suite name="Default suite" duration-ms="70633" started-at="2019-02-20T22:26:13Z" finished-at="2019-02-20T22:27:23Z">
    <groups>
    </groups>
    <test name="Default test" duration-ms="70633" started-at="2019-02-20T22:26:13Z" finished-at="2019-02-20T22:27:23Z">
      <class name="com.jQuery_Project_Automation.JQuery_Project">
        <test-method status="PASS" signature="call_Methods()[pri:0, instance:com.jQuery_Project_Automation.JQuery_Project@3ffc5af1]" name="call_Methods" duration-ms="70564" started-at="2019-02-20T22:26:13Z" finished-at="2019-02-20T22:27:23Z">
          <reporter-output>
          </reporter-output>
        </test-method> <!-- call_Methods -->
      </class> <!-- com.jQuery_Project_Automation.JQuery_Project -->
    </test> <!-- Default test -->
  </suite> <!-- Default suite -->
</testng-results>
