<?xml version="1.0" encoding="UTF-8"?>
<testng-results ignored="0" total="1" passed="1" failed="0" skipped="0">
  <reporter-output>
  </reporter-output>
  <suite started-at="2019-02-04T20:48:15Z" name="Default suite" finished-at="2019-02-04T20:48:38Z" duration-ms="22967">
    <groups>
    </groups>
    <test started-at="2019-02-04T20:48:15Z" name="Default test" finished-at="2019-02-04T20:48:38Z" duration-ms="22967">
      <class name="com.jQuery_Project_Automation.Effects_Class">
        <test-method is-config="true" signature="beforMethod()[pri:0, instance:com.jQuery_Project_Automation.Effects_Class@63070bab]" started-at="2019-02-04T20:48:15Z" name="beforMethod" finished-at="2019-02-04T20:48:19Z" duration-ms="4204" status="PASS">
          <reporter-output>
          </reporter-output>
        </test-method> <!-- beforMethod -->
        <test-method signature="effect_sideMenu()[pri:0, instance:com.jQuery_Project_Automation.Effects_Class@63070bab]" started-at="2019-02-04T20:48:19Z" name="effect_sideMenu" finished-at="2019-02-04T20:48:35Z" duration-ms="15962" status="PASS">
          <reporter-output>
          </reporter-output>
        </test-method> <!-- effect_sideMenu -->
        <test-method is-config="true" signature="after_Method()[pri:0, instance:com.jQuery_Project_Automation.Effects_Class@63070bab]" started-at="2019-02-04T20:48:35Z" name="after_Method" finished-at="2019-02-04T20:48:38Z" duration-ms="2763" status="PASS">
          <reporter-output>
          </reporter-output>
        </test-method> <!-- after_Method -->
      </class> <!-- com.jQuery_Project_Automation.Effects_Class -->
    </test> <!-- Default test -->
  </suite> <!-- Default suite -->
</testng-results>
